

Microchip MPLAB XC8 Assembler V2.32 build 20210201212658 
                                                                                               Fri Jun 25 10:00:53 2021

Microchip MPLAB XC8 C Compiler v2.32 (Free license) build 20210201212658 Og1 
     1                           	processor	16F887
     2                           	pagewidth 120
     3                           	opt	flic
     4                           	psect	cinit,global,class=CODE,merge=1,delta=2
     5                           	psect	cstackCOMMON,global,class=COMMON,space=1,delta=1,noexec
     6                           	psect	maintext,global,class=CODE,split=1,delta=2
     7                           	psect	text1,local,class=CODE,merge=1,delta=2
     8                           	psect	text2,local,class=CODE,merge=1,delta=2
     9                           	psect	text3,local,class=CODE,merge=1,delta=2
    10                           	psect	config,global,abs,ovrld,class=CONFIG,space=4,delta=2,noexec
    11                           	dabs	1,0x7E,2
    12  0000                     
    13                           ; Version 2.20
    14                           ; Generated 12/02/2020 GMT
    15                           ; 
    16                           ; Copyright © 2020, Microchip Technology Inc. and its subsidiaries ("Microchip")
    17                           ; All rights reserved.
    18                           ; 
    19                           ; This software is developed by Microchip Technology Inc. and its subsidiaries ("Microch
      +                          ip").
    20                           ; 
    21                           ; Redistribution and use in source and binary forms, with or without modification, are
    22                           ; permitted provided that the following conditions are met:
    23                           ; 
    24                           ;     1. Redistributions of source code must retain the above copyright notice, this lis
      +                          t of
    25                           ;        conditions and the following disclaimer.
    26                           ; 
    27                           ;     2. Redistributions in binary form must reproduce the above copyright notice, this 
      +                          list
    28                           ;        of conditions and the following disclaimer in the documentation and/or other
    29                           ;        materials provided with the distribution.
    30                           ; 
    31                           ;     3. Microchip's name may not be used to endorse or promote products derived from th
      +                          is
    32                           ;        software without specific prior written permission.
    33                           ; 
    34                           ; THIS SOFTWARE IS PROVIDED BY MICROCHIP "AS IS" AND ANY EXPRESS OR IMPLIED WARRANTIES,
    35                           ; INCLUDING, BUT NOT LIMITED TO, THE IMPLIED WARRANTIES OF MERCHANTABILITY AND FITNESS F
      +                          OR
    36                           ; PURPOSE ARE DISCLAIMED.  IN NO EVENT SHALL MICROCHIP BE LIABLE FOR ANY DIRECT, INDIREC
      +                          T,
    37                           ; INCIDENTAL, SPECIAL, EXEMPLARY, OR CONSEQUENTIAL DAMAGES (INCLUDING BUT NOT LIMITED TO
    38                           ; PROCUREMENT OF SUBSTITUTE GOODS OR SERVICES; LOSS OF USE, DATA OR PROFITS; OR BUSINESS
    39                           ; INTERRUPTION) HOWSOEVER CAUSED AND ON ANY THEORY OF LIABILITY, WHETHER IN CONTRACT, ST
      +                          RICT
    40                           ; LIABILITY, OR TORT (INCLUDING NEGLIGENCE OR OTHERWISE) ARISING IN ANY WAY OUT OF THE U
      +                          SE OF
    41                           ; THIS SOFTWARE, EVEN IF ADVISED OF THE POSSIBILITY OF SUCH DAMAGE.
    42                           ; 
    43                           ; 
    44                           ; Code-generator required, PIC16F887 Definitions
    45                           ; 
    46                           ; SFR Addresses
    47  0000                     	;# 
    48  0001                     	;# 
    49  0002                     	;# 
    50  0003                     	;# 
    51  0004                     	;# 
    52  0005                     	;# 
    53  0006                     	;# 
    54  0007                     	;# 
    55  0008                     	;# 
    56  0009                     	;# 
    57  000A                     	;# 
    58  000B                     	;# 
    59  000C                     	;# 
    60  000D                     	;# 
    61  000E                     	;# 
    62  000E                     	;# 
    63  000F                     	;# 
    64  0010                     	;# 
    65  0011                     	;# 
    66  0012                     	;# 
    67  0013                     	;# 
    68  0014                     	;# 
    69  0015                     	;# 
    70  0015                     	;# 
    71  0016                     	;# 
    72  0017                     	;# 
    73  0018                     	;# 
    74  0019                     	;# 
    75  001A                     	;# 
    76  001B                     	;# 
    77  001B                     	;# 
    78  001C                     	;# 
    79  001D                     	;# 
    80  001E                     	;# 
    81  001F                     	;# 
    82  0081                     	;# 
    83  0085                     	;# 
    84  0086                     	;# 
    85  0087                     	;# 
    86  0088                     	;# 
    87  0089                     	;# 
    88  008C                     	;# 
    89  008D                     	;# 
    90  008E                     	;# 
    91  008F                     	;# 
    92  0090                     	;# 
    93  0091                     	;# 
    94  0092                     	;# 
    95  0093                     	;# 
    96  0093                     	;# 
    97  0093                     	;# 
    98  0094                     	;# 
    99  0095                     	;# 
   100  0096                     	;# 
   101  0097                     	;# 
   102  0098                     	;# 
   103  0099                     	;# 
   104  009A                     	;# 
   105  009B                     	;# 
   106  009C                     	;# 
   107  009D                     	;# 
   108  009E                     	;# 
   109  009F                     	;# 
   110  0105                     	;# 
   111  0107                     	;# 
   112  0108                     	;# 
   113  0109                     	;# 
   114  010C                     	;# 
   115  010C                     	;# 
   116  010D                     	;# 
   117  010E                     	;# 
   118  010F                     	;# 
   119  0185                     	;# 
   120  0187                     	;# 
   121  0188                     	;# 
   122  0189                     	;# 
   123  018C                     	;# 
   124  018D                     	;# 
   125  0000                     	;# 
   126  0001                     	;# 
   127  0002                     	;# 
   128  0003                     	;# 
   129  0004                     	;# 
   130  0005                     	;# 
   131  0006                     	;# 
   132  0007                     	;# 
   133  0008                     	;# 
   134  0009                     	;# 
   135  000A                     	;# 
   136  000B                     	;# 
   137  000C                     	;# 
   138  000D                     	;# 
   139  000E                     	;# 
   140  000E                     	;# 
   141  000F                     	;# 
   142  0010                     	;# 
   143  0011                     	;# 
   144  0012                     	;# 
   145  0013                     	;# 
   146  0014                     	;# 
   147  0015                     	;# 
   148  0015                     	;# 
   149  0016                     	;# 
   150  0017                     	;# 
   151  0018                     	;# 
   152  0019                     	;# 
   153  001A                     	;# 
   154  001B                     	;# 
   155  001B                     	;# 
   156  001C                     	;# 
   157  001D                     	;# 
   158  001E                     	;# 
   159  001F                     	;# 
   160  0081                     	;# 
   161  0085                     	;# 
   162  0086                     	;# 
   163  0087                     	;# 
   164  0088                     	;# 
   165  0089                     	;# 
   166  008C                     	;# 
   167  008D                     	;# 
   168  008E                     	;# 
   169  008F                     	;# 
   170  0090                     	;# 
   171  0091                     	;# 
   172  0092                     	;# 
   173  0093                     	;# 
   174  0093                     	;# 
   175  0093                     	;# 
   176  0094                     	;# 
   177  0095                     	;# 
   178  0096                     	;# 
   179  0097                     	;# 
   180  0098                     	;# 
   181  0099                     	;# 
   182  009A                     	;# 
   183  009B                     	;# 
   184  009C                     	;# 
   185  009D                     	;# 
   186  009E                     	;# 
   187  009F                     	;# 
   188  0105                     	;# 
   189  0107                     	;# 
   190  0108                     	;# 
   191  0109                     	;# 
   192  010C                     	;# 
   193  010C                     	;# 
   194  010D                     	;# 
   195  010E                     	;# 
   196  010F                     	;# 
   197  0185                     	;# 
   198  0187                     	;# 
   199  0188                     	;# 
   200  0189                     	;# 
   201  018C                     	;# 
   202  018D                     	;# 
   203  001B                     _CCPR2L	set	27
   204  0012                     _T2CON	set	18
   205  001D                     _CCP2CON	set	29
   206  0017                     _CCP1CON	set	23
   207  0015                     _CCPR1L	set	21
   208  0011                     _TMR2	set	17
   209  0031                     _RB1	set	49
   210  0030                     _RB0	set	48
   211  003A                     _RC2	set	58
   212  00EC                     _DC2B0	set	236
   213  00ED                     _DC2B1	set	237
   214  0092                     _TMR2ON	set	146
   215  0090                     _T2CKPS0	set	144
   216  0091                     _T2CKPS1	set	145
   217  0039                     _RC1	set	57
   218  00BC                     _DC1B0	set	188
   219  00BD                     _DC1B1	set	189
   220  0040                     _RD0	set	64
   221  0092                     _PR2	set	146
   222  0095                     _WPUB	set	149
   223  0086                     _TRISB	set	134
   224  0439                     _TRISC1	set	1081
   225  043A                     _TRISC2	set	1082
   226  0440                     _TRISD0	set	1088
   227  040F                     _nRBPU	set	1039
   228  0189                     _ANSELH	set	393
   229  0188                     _ANSEL	set	392
   230                           
   231                           	psect	cinit
   232  07FC                     start_initialization:	
   233                           ; #config settings
   234                           
   235  07FC                     __initialization:
   236  07FC                     end_of_initialization:	
   237                           ;End of C runtime variable initialization code
   238                           
   239  07FC                     __end_of__initialization:
   240  07FC  0183               	clrf	3
   241  07FD  120A  118A  2FD6   	ljmp	_main	;jump to C main() function
   242                           
   243                           	psect	cstackCOMMON
   244  0000                     __pcstackCOMMON:
   245  0000                     ?_configPIC16f887:
   246  0000                     ??_configPIC16f887:	
   247                           ; 1 bytes @ 0x0
   248                           
   249  0000                     ?_renderPWM1:	
   250                           ; 1 bytes @ 0x0
   251                           
   252  0000                     ??_renderPWM1:	
   253                           ; 1 bytes @ 0x0
   254                           
   255  0000                     ?_renderPWM2:	
   256                           ; 1 bytes @ 0x0
   257                           
   258  0000                     ??_renderPWM2:	
   259                           ; 1 bytes @ 0x0
   260                           
   261  0000                     ?_main:	
   262                           ; 1 bytes @ 0x0
   263                           
   264  0000                     ??_main:	
   265                           ; 1 bytes @ 0x0
   266                           
   267                           
   268                           	psect	maintext
   269  07D6                     __pmaintext:	
   270                           ; 1 bytes @ 0x0
   271 ;;
   272 ;;Main: autosize = 0, tempsize = 0, incstack = 0, save=0
   273 ;;
   274 ;; *************** function _main *****************
   275 ;; Defined at:
   276 ;;		line 70 in file "BAI_4.c"
   277 ;; Parameters:    Size  Location     Type
   278 ;;		None
   279 ;; Auto vars:     Size  Location     Type
   280 ;;		None
   281 ;; Return value:  Size  Location     Type
   282 ;;                  1    wreg      void 
   283 ;; Registers used:
   284 ;;		wreg, status,2, status,0, pclath, cstack
   285 ;; Tracked objects:
   286 ;;		On entry : B00/0
   287 ;;		On exit  : 0/0
   288 ;;		Unchanged: 0/0
   289 ;; Data sizes:     COMMON   BANK0   BANK1   BANK3   BANK2
   290 ;;      Params:         0       0       0       0       0
   291 ;;      Locals:         0       0       0       0       0
   292 ;;      Temps:          0       0       0       0       0
   293 ;;      Totals:         0       0       0       0       0
   294 ;;Total ram usage:        0 bytes
   295 ;; Hardware stack levels required when called: 1
   296 ;; This function calls:
   297 ;;		_configPIC16f887
   298 ;;		_renderPWM1
   299 ;;		_renderPWM2
   300 ;; This function is called by:
   301 ;;		Startup code after reset
   302 ;; This function uses a non-reentrant model
   303 ;;
   304                           
   305                           
   306                           ;psect for function _main
   307  07D6                     _main:
   308  07D6                     l740:	
   309                           ;incstack = 0
   310                           ; Regs used in _main: [wreg+status,2+status,0+pclath+cstack]
   311                           
   312                           
   313                           ;BAI_4.c: 71:     configPIC16f887();
   314  07D6  120A  118A  2787  120A  118A  	fcall	_configPIC16f887
   315  07DB                     l742:
   316                           
   317                           ;BAI_4.c: 73:         if(!RB0) {
   318  07DB  1283               	bcf	3,5	;RP0=0, select bank0
   319  07DC  1303               	bcf	3,6	;RP1=0, select bank0
   320  07DD  1806               	btfsc	6,0	;volatile
   321  07DE  2FE0               	goto	u11
   322  07DF  2FE1               	goto	u10
   323  07E0                     u11:
   324  07E0  2FEB               	goto	l69
   325  07E1                     u10:
   326  07E1                     l70:
   327  07E1  1C06               	btfss	6,0	;volatile
   328  07E2  2FE4               	goto	u21
   329  07E3  2FE5               	goto	u20
   330  07E4                     u21:
   331  07E4  2FE1               	goto	l70
   332  07E5                     u20:
   333  07E5                     l746:
   334                           
   335                           ;BAI_4.c: 75:             renderPWM1();
   336  07E5  120A  118A  2796  120A  118A  	fcall	_renderPWM1
   337                           
   338                           ;BAI_4.c: 76:         }else if(!RB1) {
   339  07EA  2FDB               	goto	l742
   340  07EB                     l69:
   341  07EB  1886               	btfsc	6,1	;volatile
   342  07EC  2FEE               	goto	u31
   343  07ED  2FEF               	goto	u30
   344  07EE                     u31:
   345  07EE  2FDB               	goto	l742
   346  07EF                     u30:
   347  07EF                     l75:
   348  07EF  1C86               	btfss	6,1	;volatile
   349  07F0  2FF2               	goto	u41
   350  07F1  2FF3               	goto	u40
   351  07F2                     u41:
   352  07F2  2FEF               	goto	l75
   353  07F3                     u40:
   354  07F3                     l750:
   355                           
   356                           ;BAI_4.c: 78:             renderPWM2();
   357  07F3  120A  118A  27B6  120A  118A  	fcall	_renderPWM2
   358  07F8  2FDB               	goto	l742
   359  07F9  120A  118A  2800   	ljmp	start
   360  07FC                     __end_of_main:
   361                           
   362                           	psect	text1
   363  07B6                     __ptext1:	
   364 ;; *************** function _renderPWM2 *****************
   365 ;; Defined at:
   366 ;;		line 51 in file "BAI_4.c"
   367 ;; Parameters:    Size  Location     Type
   368 ;;		None
   369 ;; Auto vars:     Size  Location     Type
   370 ;;		None
   371 ;; Return value:  Size  Location     Type
   372 ;;                  1    wreg      void 
   373 ;; Registers used:
   374 ;;		wreg, status,2
   375 ;; Tracked objects:
   376 ;;		On entry : 0/0
   377 ;;		On exit  : 0/0
   378 ;;		Unchanged: 0/0
   379 ;; Data sizes:     COMMON   BANK0   BANK1   BANK3   BANK2
   380 ;;      Params:         0       0       0       0       0
   381 ;;      Locals:         0       0       0       0       0
   382 ;;      Temps:          0       0       0       0       0
   383 ;;      Totals:         0       0       0       0       0
   384 ;;Total ram usage:        0 bytes
   385 ;; Hardware stack levels used: 1
   386 ;; This function calls:
   387 ;;		Nothing
   388 ;; This function is called by:
   389 ;;		_main
   390 ;; This function uses a non-reentrant model
   391 ;;
   392                           
   393                           
   394                           ;psect for function _renderPWM2
   395  07B6                     _renderPWM2:
   396  07B6                     l710:	
   397                           ;incstack = 0
   398                           ; Regs used in _renderPWM2: [wreg+status,2]
   399                           
   400                           
   401                           ;BAI_4.c: 52:     TRISC2 = 1;
   402  07B6  1683               	bsf	3,5	;RP0=1, select bank1
   403  07B7  1303               	bcf	3,6	;RP1=0, select bank1
   404  07B8  1507               	bsf	7,2	;volatile
   405                           
   406                           ;BAI_4.c: 53:     TRISC1 = 1;
   407  07B9  1487               	bsf	7,1	;volatile
   408  07BA                     l712:
   409                           
   410                           ;BAI_4.c: 54:     TMR2 = 0;
   411  07BA  1283               	bcf	3,5	;RP0=0, select bank0
   412  07BB  1303               	bcf	3,6	;RP1=0, select bank0
   413  07BC  0191               	clrf	17	;volatile
   414  07BD                     l714:
   415                           
   416                           ;BAI_4.c: 55:     PR2 = 24;
   417  07BD  3018               	movlw	24
   418  07BE  1683               	bsf	3,5	;RP0=1, select bank1
   419  07BF  1303               	bcf	3,6	;RP1=0, select bank1
   420  07C0  0092               	movwf	18	;volatile
   421  07C1                     l716:
   422                           
   423                           ;BAI_4.c: 56:     CCPR2L = 17;
   424  07C1  3011               	movlw	17
   425  07C2  1283               	bcf	3,5	;RP0=0, select bank0
   426  07C3  1303               	bcf	3,6	;RP1=0, select bank0
   427  07C4  009B               	movwf	27	;volatile
   428  07C5                     l718:
   429                           
   430                           ;BAI_4.c: 57:     CCP2CON = 0x0C;
   431  07C5  300C               	movlw	12
   432  07C6  009D               	movwf	29	;volatile
   433  07C7                     l720:
   434                           
   435                           ;BAI_4.c: 58:     CCP1CON = 0x00;
   436  07C7  0197               	clrf	23	;volatile
   437  07C8                     l722:
   438                           
   439                           ;BAI_4.c: 59:     DC2B1 = 1;
   440  07C8  169D               	bsf	29,5	;volatile
   441  07C9                     l724:
   442                           
   443                           ;BAI_4.c: 60:     DC2B0 = 0;
   444  07C9  121D               	bcf	29,4	;volatile
   445  07CA                     l726:
   446                           
   447                           ;BAI_4.c: 61:     TRISC1 = 0;
   448  07CA  1683               	bsf	3,5	;RP0=1, select bank1
   449  07CB  1303               	bcf	3,6	;RP1=0, select bank1
   450  07CC  1087               	bcf	7,1	;volatile
   451  07CD                     l728:
   452                           
   453                           ;BAI_4.c: 62:     TRISC2 = 0;
   454  07CD  1107               	bcf	7,2	;volatile
   455  07CE                     l730:
   456                           
   457                           ;BAI_4.c: 63:     RC2 = 0;
   458  07CE  1283               	bcf	3,5	;RP0=0, select bank0
   459  07CF  1303               	bcf	3,6	;RP1=0, select bank0
   460  07D0  1107               	bcf	7,2	;volatile
   461  07D1                     l732:
   462                           
   463                           ;BAI_4.c: 64:     T2CON = 0x00;
   464  07D1  0192               	clrf	18	;volatile
   465  07D2                     l734:
   466                           
   467                           ;BAI_4.c: 65:     T2CKPS1 = 0;
   468  07D2  1092               	bcf	18,1	;volatile
   469  07D3                     l736:
   470                           
   471                           ;BAI_4.c: 66:     T2CKPS0 = 1;
   472  07D3  1412               	bsf	18,0	;volatile
   473  07D4                     l738:
   474                           
   475                           ;BAI_4.c: 67:     TMR2ON = 1;
   476  07D4  1512               	bsf	18,2	;volatile
   477  07D5                     l63:
   478  07D5  0008               	return
   479  07D6                     __end_of_renderPWM2:
   480                           
   481                           	psect	text2
   482  0796                     __ptext2:	
   483 ;; *************** function _renderPWM1 *****************
   484 ;; Defined at:
   485 ;;		line 32 in file "BAI_4.c"
   486 ;; Parameters:    Size  Location     Type
   487 ;;		None
   488 ;; Auto vars:     Size  Location     Type
   489 ;;		None
   490 ;; Return value:  Size  Location     Type
   491 ;;                  1    wreg      void 
   492 ;; Registers used:
   493 ;;		wreg, status,2
   494 ;; Tracked objects:
   495 ;;		On entry : 0/0
   496 ;;		On exit  : 0/0
   497 ;;		Unchanged: 0/0
   498 ;; Data sizes:     COMMON   BANK0   BANK1   BANK3   BANK2
   499 ;;      Params:         0       0       0       0       0
   500 ;;      Locals:         0       0       0       0       0
   501 ;;      Temps:          0       0       0       0       0
   502 ;;      Totals:         0       0       0       0       0
   503 ;;Total ram usage:        0 bytes
   504 ;; Hardware stack levels used: 1
   505 ;; This function calls:
   506 ;;		Nothing
   507 ;; This function is called by:
   508 ;;		_main
   509 ;; This function uses a non-reentrant model
   510 ;;
   511                           
   512                           
   513                           ;psect for function _renderPWM1
   514  0796                     _renderPWM1:
   515  0796                     l680:	
   516                           ;incstack = 0
   517                           ; Regs used in _renderPWM1: [wreg+status,2]
   518                           
   519                           
   520                           ;BAI_4.c: 33:     TRISC2 = 1;
   521  0796  1683               	bsf	3,5	;RP0=1, select bank1
   522  0797  1303               	bcf	3,6	;RP1=0, select bank1
   523  0798  1507               	bsf	7,2	;volatile
   524                           
   525                           ;BAI_4.c: 34:     TRISC1 = 1;
   526  0799  1487               	bsf	7,1	;volatile
   527  079A                     l682:
   528                           
   529                           ;BAI_4.c: 35:     TMR2 = 0;
   530  079A  1283               	bcf	3,5	;RP0=0, select bank0
   531  079B  1303               	bcf	3,6	;RP1=0, select bank0
   532  079C  0191               	clrf	17	;volatile
   533  079D                     l684:
   534                           
   535                           ;BAI_4.c: 36:     PR2 = 24;
   536  079D  3018               	movlw	24
   537  079E  1683               	bsf	3,5	;RP0=1, select bank1
   538  079F  1303               	bcf	3,6	;RP1=0, select bank1
   539  07A0  0092               	movwf	18	;volatile
   540  07A1                     l686:
   541                           
   542                           ;BAI_4.c: 37:     CCPR1L = 7;
   543  07A1  3007               	movlw	7
   544  07A2  1283               	bcf	3,5	;RP0=0, select bank0
   545  07A3  1303               	bcf	3,6	;RP1=0, select bank0
   546  07A4  0095               	movwf	21	;volatile
   547  07A5                     l688:
   548                           
   549                           ;BAI_4.c: 38:     CCP1CON = 0x0C;
   550  07A5  300C               	movlw	12
   551  07A6  0097               	movwf	23	;volatile
   552  07A7                     l690:
   553                           
   554                           ;BAI_4.c: 39:     CCP2CON = 0x00;
   555  07A7  019D               	clrf	29	;volatile
   556  07A8                     l692:
   557                           
   558                           ;BAI_4.c: 40:     DC1B1 = 1;
   559  07A8  1697               	bsf	23,5	;volatile
   560  07A9                     l694:
   561                           
   562                           ;BAI_4.c: 41:     DC1B0 = 0;
   563  07A9  1217               	bcf	23,4	;volatile
   564  07AA                     l696:
   565                           
   566                           ;BAI_4.c: 42:     TRISC2 = 0;
   567  07AA  1683               	bsf	3,5	;RP0=1, select bank1
   568  07AB  1303               	bcf	3,6	;RP1=0, select bank1
   569  07AC  1107               	bcf	7,2	;volatile
   570  07AD                     l698:
   571                           
   572                           ;BAI_4.c: 43:     TRISC1 = 0;
   573  07AD  1087               	bcf	7,1	;volatile
   574  07AE                     l700:
   575                           
   576                           ;BAI_4.c: 44:     RC1 = 0;
   577  07AE  1283               	bcf	3,5	;RP0=0, select bank0
   578  07AF  1303               	bcf	3,6	;RP1=0, select bank0
   579  07B0  1087               	bcf	7,1	;volatile
   580  07B1                     l702:
   581                           
   582                           ;BAI_4.c: 45:     T2CON = 0x00;
   583  07B1  0192               	clrf	18	;volatile
   584  07B2                     l704:
   585                           
   586                           ;BAI_4.c: 46:     T2CKPS1 = 0;
   587  07B2  1092               	bcf	18,1	;volatile
   588  07B3                     l706:
   589                           
   590                           ;BAI_4.c: 47:     T2CKPS0 = 1;
   591  07B3  1412               	bsf	18,0	;volatile
   592  07B4                     l708:
   593                           
   594                           ;BAI_4.c: 48:     TMR2ON = 1;
   595  07B4  1512               	bsf	18,2	;volatile
   596  07B5                     l60:
   597  07B5  0008               	return
   598  07B6                     __end_of_renderPWM1:
   599                           
   600                           	psect	text3
   601  0787                     __ptext3:	
   602 ;; *************** function _configPIC16f887 *****************
   603 ;; Defined at:
   604 ;;		line 25 in file "BAI_4.c"
   605 ;; Parameters:    Size  Location     Type
   606 ;;		None
   607 ;; Auto vars:     Size  Location     Type
   608 ;;		None
   609 ;; Return value:  Size  Location     Type
   610 ;;                  1    wreg      void 
   611 ;; Registers used:
   612 ;;		wreg, status,2
   613 ;; Tracked objects:
   614 ;;		On entry : 0/0
   615 ;;		On exit  : 0/0
   616 ;;		Unchanged: 0/0
   617 ;; Data sizes:     COMMON   BANK0   BANK1   BANK3   BANK2
   618 ;;      Params:         0       0       0       0       0
   619 ;;      Locals:         0       0       0       0       0
   620 ;;      Temps:          0       0       0       0       0
   621 ;;      Totals:         0       0       0       0       0
   622 ;;Total ram usage:        0 bytes
   623 ;; Hardware stack levels used: 1
   624 ;; This function calls:
   625 ;;		Nothing
   626 ;; This function is called by:
   627 ;;		_main
   628 ;; This function uses a non-reentrant model
   629 ;;
   630                           
   631                           
   632                           ;psect for function _configPIC16f887
   633  0787                     _configPIC16f887:
   634  0787                     l672:	
   635                           ;incstack = 0
   636                           ; Regs used in _configPIC16f887: [wreg+status,2]
   637                           
   638                           
   639                           ;BAI_4.c: 26:     ANSEL = ANSELH = 0;
   640  0787  1683               	bsf	3,5	;RP0=1, select bank3
   641  0788  1703               	bsf	3,6	;RP1=1, select bank3
   642  0789  0189               	clrf	9	;volatile
   643  078A  0188               	clrf	8	;volatile
   644  078B                     l674:
   645                           
   646                           ;BAI_4.c: 27:     TRISB = WPUB = 0x07;
   647  078B  3007               	movlw	7
   648  078C  1683               	bsf	3,5	;RP0=1, select bank1
   649  078D  1303               	bcf	3,6	;RP1=0, select bank1
   650  078E  0095               	movwf	21	;volatile
   651  078F  0086               	movwf	6	;volatile
   652  0790                     l676:
   653                           
   654                           ;BAI_4.c: 28:     nRBPU = TRISD0 = 0;
   655  0790  1008               	bcf	8,0	;volatile
   656  0791  1381               	bcf	1,7	;volatile
   657  0792                     l678:
   658                           
   659                           ;BAI_4.c: 29:     RD0 = 1;
   660  0792  1283               	bcf	3,5	;RP0=0, select bank0
   661  0793  1303               	bcf	3,6	;RP1=0, select bank0
   662  0794  1408               	bsf	8,0	;volatile
   663  0795                     l57:
   664  0795  0008               	return
   665  0796                     __end_of_configPIC16f887:
   666  007E                     btemp	set	126	;btemp
   667  007E                     wtemp0	set	126
   668                           
   669                           	psect	config
   670                           
   671                           ;Config register CONFIG1 @ 0x2007
   672                           ;	Oscillator Selection bits
   673                           ;	FOSC = HS, HS oscillator: High-speed crystal/resonator on RA6/OSC2/CLKOUT and RA7/OSC1
      +                          /CLKIN
   674                           ;	Watchdog Timer Enable bit
   675                           ;	WDTE = OFF, WDT disabled and can be enabled by SWDTEN bit of the WDTCON register
   676                           ;	Power-up Timer Enable bit
   677                           ;	PWRTE = OFF, PWRT disabled
   678                           ;	RE3/MCLR pin function select bit
   679                           ;	MCLRE = ON, RE3/MCLR pin function is MCLR
   680                           ;	Code Protection bit
   681                           ;	CP = OFF, Program memory code protection is disabled
   682                           ;	Data Code Protection bit
   683                           ;	CPD = OFF, Data memory code protection is disabled
   684                           ;	Brown Out Reset Selection bits
   685                           ;	BOREN = OFF, BOR disabled
   686                           ;	Internal External Switchover bit
   687                           ;	IESO = OFF, Internal/External Switchover mode is disabled
   688                           ;	Fail-Safe Clock Monitor Enabled bit
   689                           ;	FCMEN = OFF, Fail-Safe Clock Monitor is disabled
   690                           ;	Low Voltage Programming Enable bit
   691                           ;	LVP = OFF, RB3 pin has digital I/O, HV on MCLR must be used for programming
   692                           ;	In-Circuit Debugger Mode bit
   693                           ;	DEBUG = 0x1, unprogrammed default
   694  2007                     	org	8199
   695  2007  20F2               	dw	8434
   696                           
   697                           ;Config register CONFIG2 @ 0x2008
   698                           ;	Brown-out Reset Selection bit
   699                           ;	BOR4V = BOR40V, Brown-out Reset set to 4.0V
   700                           ;	Flash Program Memory Self Write Enable bits
   701                           ;	WRT = OFF, Write protection off
   702  2008                     	org	8200
   703  2008  3FFF               	dw	16383

Data Sizes:
    Strings     0
    Constant    0
    Data        0
    BSS         0
    Persistent  0
    Stack       0

Auto Spaces:
    Space          Size  Autos    Used
    COMMON           14      0       0
    BANK0            80      0       0
    BANK1            80      0       0
    BANK3            96      0       0
    BANK2            96      0       0

Pointer List with Targets:

    None.

Critical Paths under _main in COMMON

    None.

Critical Paths under _main in BANK0

    None.

Critical Paths under _main in BANK1

    None.

Critical Paths under _main in BANK3

    None.

Critical Paths under _main in BANK2

    None.

Call Graph Tables:

 ---------------------------------------------------------------------------------
 (Depth) Function   	        Calls       Base Space   Used Autos Params    Refs
 ---------------------------------------------------------------------------------
 (0) _main                                                 0     0      0       0
                    _configPIC16f887
                         _renderPWM1
                         _renderPWM2
 ---------------------------------------------------------------------------------
 (1) _renderPWM2                                           0     0      0       0
 ---------------------------------------------------------------------------------
 (1) _renderPWM1                                           0     0      0       0
 ---------------------------------------------------------------------------------
 (1) _configPIC16f887                                      0     0      0       0
 ---------------------------------------------------------------------------------
 Estimated maximum stack depth 1
 ---------------------------------------------------------------------------------

 Call Graph Graphs:

 _main (ROOT)
   _configPIC16f887
   _renderPWM1
   _renderPWM2

 Address spaces:
Name               Size   Autos  Total    Cost      Usage
BITCOMMON            E      0       0       0        0.0%
EEDATA             100      0       0       0        0.0%
NULL                 0      0       0       0        0.0%
CODE                 0      0       0       0        0.0%
COMMON               E      0       0       1        0.0%
BITSFR0              0      0       0       1        0.0%
SFR0                 0      0       0       1        0.0%
BITSFR1              0      0       0       2        0.0%
SFR1                 0      0       0       2        0.0%
STACK                0      0       0       2        0.0%
ABS                  0      0       0       3        0.0%
BITBANK0            50      0       0       4        0.0%
BITSFR3              0      0       0       4        0.0%
SFR3                 0      0       0       4        0.0%
BANK0               50      0       0       5        0.0%
BITSFR2              0      0       0       5        0.0%
SFR2                 0      0       0       5        0.0%
BITBANK1            50      0       0       6        0.0%
BANK1               50      0       0       7        0.0%
BITBANK3            60      0       0       8        0.0%
BANK3               60      0       0       9        0.0%
BITBANK2            60      0       0      10        0.0%
BANK2               60      0       0      11        0.0%
DATA                 0      0       0      12        0.0%


Microchip Technology PIC Macro Assembler V2.32 build 20210201212658 
Symbol Table                                                                                   Fri Jun 25 10:00:53 2021

                      l60 07B5                        l70 07E1                        l63 07D5  
                      l57 0795                        l75 07EF                        l69 07EB  
                      u10 07E1                        u11 07E0                        u20 07E5  
                      u21 07E4                        u30 07EF                        u31 07EE  
                      u40 07F3                        u41 07F2                       l700 07AE  
                     l702 07B1                       l710 07B6                       l704 07B2  
                     l720 07C7                       l712 07BA                       l706 07B3  
                     l730 07CE                       l722 07C8                       l714 07BD  
                     l708 07B4                       l732 07D1                       l724 07C9  
                     l716 07C1                       l740 07D6                       l734 07D2  
                     l726 07CA                       l718 07C5                       l750 07F3  
                     l742 07DB                       l672 0787                       l680 0796  
                     l736 07D3                       l728 07CD                       l674 078B  
                     l690 07A7                       l682 079A                       l738 07D4  
                     l746 07E5                       l676 0790                       l692 07A8  
                     l684 079D                       l678 0792                       l694 07A9  
                     l686 07A1                       l696 07AA                       l688 07A5  
                     l698 07AD                       _RB0 0030                       _RB1 0031  
                     _RC1 0039                       _RD0 0040                       _RC2 003A  
                     _PR2 0092                      _TMR2 0011                      _WPUB 0095  
                    _main 07D6                      btemp 007E                      start 0000  
                   _DC1B0 00BC                     _DC1B1 00BD                     _DC2B0 00EC  
                   _DC2B1 00ED                     ?_main 0000  __size_of_configPIC16f887 000F  
                   _ANSEL 0188                     _T2CON 0012                     _TRISB 0086  
                   _nRBPU 040F                     status 0003                     wtemp0 007E  
         __initialization 07FC              __end_of_main 07FC                    ??_main 0000  
                  _CCPR1L 0015                    _CCPR2L 001B                    _ANSELH 0189  
                  _TMR2ON 0092                    _TRISC1 0439                    _TRISD0 0440  
                  _TRISC2 043A         ??_configPIC16f887 0000   __end_of__initialization 07FC  
          __pcstackCOMMON 0000                __pmaintext 07D6                   _CCP1CON 0017  
                 _CCP2CON 001D                   _T2CKPS0 0090                   _T2CKPS1 0091  
                 __ptext1 07B6                   __ptext2 0796                   __ptext3 0787  
    end_of_initialization 07FC                _renderPWM1 0796                _renderPWM2 07B6  
         _configPIC16f887 0787       start_initialization 07FC               ?_renderPWM1 0000  
             ?_renderPWM2 0000   __end_of_configPIC16f887 0796                 ___latbits 0002  
     __size_of_renderPWM1 0020       __size_of_renderPWM2 0020          ?_configPIC16f887 0000  
            ??_renderPWM1 0000              ??_renderPWM2 0000             __size_of_main 0026  
      __end_of_renderPWM1 07B6        __end_of_renderPWM2 07D6  
